{
  "stats": {
    "suites": 0,
    "tests": 1,
    "passes": 1,
    "pending": 0,
    "failures": 0,
    "start": "2023-07-04T14:36:16.527Z",
    "end": "2023-07-04T14:36:22.653Z",
    "duration": 6126,
    "testsRegistered": 1,
    "passPercent": 100,
    "pendingPercent": 0,
    "other": 0,
    "hasOther": false,
    "skipped": 0,
    "hasSkipped": false
  },
  "results": [
    {
      "uuid": "06eded04-3da4-4726-9324-36aacf95efd9",
      "title": "",
      "fullFile": "cypress/integration/addtochart.ts",
      "file": "cypress/integration/addtochart.ts",
      "beforeHooks": [],
      "afterHooks": [],
      "tests": [
        {
          "title": "Test Add Item to Cart",
          "fullTitle": "Test Add Item to Cart",
          "timedOut": null,
          "duration": 3943,
          "state": "passed",
          "speed": "fast",
          "pass": true,
          "fail": false,
          "pending": false,
          "context": null,
          "code": "loginPage.login(URL, 'standard_user', 'secret_sauce');\nloginPage.assertLogin();\ndashboardPage.sauceLabsBackpack();\ndashboardPage.addToCart();",
          "err": {},
          "uuid": "b0656341-38e0-47a8-9ba5-b6a9359d9d41",
          "parentUUID": "06eded04-3da4-4726-9324-36aacf95efd9",
          "isHook": false,
          "skipped": false
        }
      ],
      "suites": [],
      "passes": [
        "b0656341-38e0-47a8-9ba5-b6a9359d9d41"
      ],
      "failures": [],
      "pending": [],
      "skipped": [],
      "duration": 3943,
      "root": true,
      "rootEmpty": false,
      "_timeout": 2000
    }
  ],
  "meta": {
    "mocha": {
      "version": "7.0.1"
    },
    "mochawesome": {
      "options": {
        "quiet": false,
        "reportFilename": "mochawesome",
        "saveHtml": false,
        "saveJson": true,
        "consoleReporter": "spec",
        "useInlineDiffs": false,
        "code": true
      },
      "version": "7.1.3"
    },
    "marge": {
      "options": {
        "chart": true,
        "overwrite": false,
        "html": false,
        "json": true,
        "reportDir": "cypress/reports"
      },
      "version": "6.2.0"
    }
  }
}