{
  "stats": {
    "suites": 0,
    "tests": 1,
    "passes": 1,
    "pending": 0,
    "failures": 0,
    "start": "2023-07-04T12:47:46.676Z",
    "end": "2023-07-04T12:47:52.068Z",
    "duration": 5392,
    "testsRegistered": 1,
    "passPercent": 100,
    "pendingPercent": 0,
    "other": 0,
    "hasOther": false,
    "skipped": 0,
    "hasSkipped": false
  },
  "results": [
    {
      "uuid": "ddc27e50-4568-43ec-898f-3249bf128f30",
      "title": "",
      "fullFile": "cypress/integration/addtochart.ts",
      "file": "cypress/integration/addtochart.ts",
      "beforeHooks": [],
      "afterHooks": [],
      "tests": [
        {
          "title": "Test Add Item to Cart",
          "fullTitle": "Test Add Item to Cart",
          "timedOut": null,
          "duration": 3049,
          "state": "passed",
          "speed": "fast",
          "pass": true,
          "fail": false,
          "pending": false,
          "context": null,
          "code": "loginPage.login(URL, 'standard_user', 'secret_sauce');\nloginPage.assertLogin();\ndashboardPage.sauceLabsBackpack();\ndashboardPage.addToCart();",
          "err": {},
          "uuid": "688a09e7-1a99-4bb1-86c3-1bb7d225ac4a",
          "parentUUID": "ddc27e50-4568-43ec-898f-3249bf128f30",
          "isHook": false,
          "skipped": false
        }
      ],
      "suites": [],
      "passes": [
        "688a09e7-1a99-4bb1-86c3-1bb7d225ac4a"
      ],
      "failures": [],
      "pending": [],
      "skipped": [],
      "duration": 3049,
      "root": true,
      "rootEmpty": false,
      "_timeout": 2000
    }
  ],
  "meta": {
    "mocha": {
      "version": "7.0.1"
    },
    "mochawesome": {
      "options": {
        "quiet": false,
        "reportFilename": "mochawesome",
        "saveHtml": false,
        "saveJson": true,
        "consoleReporter": "spec",
        "useInlineDiffs": false,
        "code": true
      },
      "version": "7.1.3"
    },
    "marge": {
      "options": {
        "chart": true,
        "overwrite": false,
        "html": false,
        "json": true,
        "reportDir": "cypress/reports"
      },
      "version": "6.2.0"
    }
  }
}